Secret Key: 8TPNQwykWWXnV535Q0Ht1Dac9oqydW/Bk9AePcHV7aY=
Token: Bearer eyJ0eXAiOiJKV1QiLCJhbGciOiJIUzI1NiJ9.eyJpZCI6MjEsImVtYWlsIjoia29iaW5hLmJlbnRlbmVAZ21haWwuY29tIiwicm9sZSI6MX0.iiyiS5PVdKKAXIYU9fARtu0uU6MAjRIl4eToeOHru4YToken 
Authentication Failed: Unexpected control character found
Secret Key: 8TPNQwykWWXnV535Q0Ht1Dac9oqydW/Bk9AePcHV7aY=
Token: eyJ0eXAiOiJKV1QiLCJhbGciOiJIUzI1NiJ9.eyJpZCI6MjEsImVtYWlsIjoia29iaW5hLmJlbnRlbmVAZ21haWwuY29tIiwicm9sZSI6MX0.iiyiS5PVdKKAXIYU9fARtu0uU6MAjRIl4eToeOHru4Y
Decoded Token: stdClass Object
(
    [id] => 21
    [email] => kobina.bentene@gmail.com
    [role] => 1
)

Secret Key: 8TPNQwykWWXnV535Q0Ht1Dac9oqydW/Bk9AePcHV7aY=
Token: eyJ0eXAiOiJKV1QiLCJhbGciOiJIUzI1NiJ9.eyJpZCI6MjEsImVtYWlsIjoia29iaW5hLmJlbnRlbmVAZ21haWwuY29tIiwicm9sZSI6MX0.iiyiS5PVdKKAXIYU9fARtu0uU6MAjRIl4eToeOHru4Y
Decoded Token: stdClass Object
(
    [id] => 21
    [email] => kobina.bentene@gmail.com
    [role] => 1
)

Generated Secret: /IyNqvd6guyARys8pkxjULXXx8HoyAHuRIwSgtUpuOs=
Generated Secret: cbK7MF3MSD3n9CnPhPpSqFJZ3G0UwZNPFCBvBIKikv0=
Generated Secret: CS2CH0MyGFQH2x5oDc6nIQ31yWOQAe0Ufq1u3rvn4As=
Token Authentication Failed: Key material must not be empty
Token Authentication Failed: Key material must not be empty
Token Authentication Failed: Key material must not be empty
Token Authentication Failed: Key material must not be empty
Token Authentication Failed: Signature verification failed